{
"C:\\Nuwan\\myWorksSpaces\\Techs\\CI\\CI-Travis\\__tests__\\src\\js\\sum-test.js":{"path":"C:\\Nuwan\\myWorksSpaces\\Techs\\CI\\CI-Travis\\__tests__\\src\\js\\sum-test.js","s":{"1":1,"2":1,"3":1,"4":1,"5":1},"b":{},"f":{"1":1,"2":1},"fnMap":{"1":{"name":"(anonymous_1)","line":7,"loc":{"start":{"line":7,"column":16},"end":{"line":7,"column":28}}},"2":{"name":"(anonymous_2)","line":8,"loc":{"start":{"line":8,"column":32},"end":{"line":8,"column":44}}}},"statementMap":{"1":{"start":{"line":5,"column":0},"end":{"line":5,"column":35},"skip":true},"2":{"start":{"line":7,"column":0},"end":{"line":10,"column":40}},"3":{"start":{"line":8,"column":4},"end":{"line":10,"column":37}},"4":{"start":{"line":9,"column":8},"end":{"line":9,"column":49}},"5":{"start":{"line":10,"column":8},"end":{"line":10,"column":34}}},"branchMap":{},"l":{"5":1,"7":1,"8":1,"9":1,"10":1}},
"C:\\Nuwan\\myWorksSpaces\\Techs\\CI\\CI-Travis\\src\\js\\sum.js":{"path":"C:\\Nuwan\\myWorksSpaces\\Techs\\CI\\CI-Travis\\src\\js\\sum.js","s":{"1":2,"2":1,"3":2},"b":{},"f":{"1":1},"fnMap":{"1":{"name":"sum","line":5,"loc":{"start":{"line":5,"column":10},"end":{"line":5,"column":35}},"skip":true}},"statementMap":{"1":{"start":{"line":5,"column":0},"end":{"line":6,"column":23},"skip":true},"2":{"start":{"line":6,"column":2},"end":{"line":6,"column":21},"skip":true},"3":{"start":{"line":9,"column":0},"end":{"line":9,"column":21}}},"branchMap":{},"l":{"5":2,"6":1,"9":2}},
"C:\\Nuwan\\myWorksSpaces\\Techs\\CI\\CI-Travis\\__tests__\\src\\components\\App-test.js":{"path":"C:\\Nuwan\\myWorksSpaces\\Techs\\CI\\CI-Travis\\__tests__\\src\\components\\App-test.js","s":{"1":1,"2":1,"3":1,"4":1,"5":1,"6":1},"b":{},"f":{"1":1,"2":1},"fnMap":{"1":{"name":"(anonymous_1)","line":8,"loc":{"start":{"line":8,"column":31},"end":{"line":8,"column":43}}},"2":{"name":"(anonymous_2)","line":9,"loc":{"start":{"line":9,"column":22},"end":{"line":9,"column":34}}}},"statementMap":{"1":{"start":{"line":5,"column":0},"end":{"line":5,"column":45},"skip":true},"2":{"start":{"line":8,"column":0},"end":{"line":13,"column":43}},"3":{"start":{"line":9,"column":2},"end":{"line":13,"column":40}},"4":{"start":{"line":10,"column":4},"end":{"line":10,"column":53}},"5":{"start":{"line":11,"column":4},"end":{"line":11,"column":37}},"6":{"start":{"line":13,"column":4},"end":{"line":13,"column":37}}},"branchMap":{},"l":{"5":1,"8":1,"9":1,"10":1,"11":1,"13":1}},
"C:\\Nuwan\\myWorksSpaces\\Techs\\CI\\CI-Travis\\src\\components\\App.js":{"path":"C:\\Nuwan\\myWorksSpaces\\Techs\\CI\\CI-Travis\\src\\components\\App.js","s":{"1":1,"2":1,"3":1,"4":1,"5":2,"6":2,"7":2,"8":2,"9":2,"10":2,"11":1,"12":1,"13":1,"14":1,"15":0,"16":1,"17":1,"18":1,"19":1,"20":1,"21":1,"22":2,"23":1,"24":0,"25":0,"26":1,"27":0,"28":0,"29":0,"30":1,"31":1,"32":0,"33":1,"34":1,"35":1,"36":1,"37":1,"38":1,"39":0,"40":0,"41":0,"42":0,"43":0,"44":1,"45":0,"46":0,"47":1,"48":1},"b":{"1":[2,2],"2":[2,0],"3":[1,0],"4":[0,1],"5":[0,2],"6":[2,2],"7":[0,0],"8":[0,0],"9":[0,0],"10":[0,0,0],"11":[0,1],"12":[1,0],"13":[1,1],"14":[1,0],"15":[1,0]},"f":{"1":1,"2":1,"3":1,"4":2,"5":0,"6":0,"7":1,"8":1,"9":0,"10":0,"11":0},"fnMap":{"1":{"name":"(anonymous_1)","line":1,"loc":{"start":{"line":1,"column":120},"end":{"line":1,"column":132}}},"2":{"name":"defineProperties","line":1,"loc":{"start":{"line":1,"column":133},"end":{"line":1,"column":174}}},"3":{"name":"(anonymous_3)","line":1,"loc":{"start":{"line":1,"column":448},"end":{"line":1,"column":496}}},"4":{"name":"_interopRequireDefault","line":2,"loc":{"start":{"line":2,"column":126},"end":{"line":2,"column":163}}},"5":{"name":"_classCallCheck","line":2,"loc":{"start":{"line":2,"column":219},"end":{"line":2,"column":267}}},"6":{"name":"_possibleConstructorReturn","line":2,"loc":{"start":{"line":2,"column":368},"end":{"line":2,"column":416}}},"7":{"name":"_inherits","line":2,"loc":{"start":{"line":2,"column":603},"end":{"line":2,"column":644}}},"8":{"name":"(anonymous_8)","line":4,"loc":{"start":{"line":4,"column":6},"end":{"line":4,"column":34}}},"9":{"name":"App","line":6,"loc":{"start":{"line":6,"column":4},"end":{"line":6,"column":50}}},"10":{"name":"render","line":9,"loc":{"start":{"line":9,"column":214},"end":{"line":12,"column":8}}},"11":{"name":"_onClick","line":16,"loc":{"start":{"line":16,"column":102},"end":{"line":21,"column":8}}}},"statementMap":{"1":{"start":{"line":1,"column":39},"end":{"line":1,"column":101},"skip":true},"2":{"start":{"line":1,"column":101},"end":{"line":1,"column":650}},"3":{"start":{"line":1,"column":133},"end":{"line":1,"column":441}},"4":{"start":{"line":1,"column":175},"end":{"line":1,"column":440}},"5":{"start":{"line":1,"column":215},"end":{"line":1,"column":241}},"6":{"start":{"line":1,"column":241},"end":{"line":1,"column":296}},"7":{"start":{"line":1,"column":296},"end":{"line":1,"column":327}},"8":{"start":{"line":1,"column":327},"end":{"line":1,"column":381}},"9":{"start":{"line":1,"column":354},"end":{"line":1,"column":381}},"10":{"start":{"line":1,"column":381},"end":{"line":1,"column":439}},"11":{"start":{"line":1,"column":441},"end":{"line":1,"column":646}},"12":{"start":{"line":1,"column":497},"end":{"line":1,"column":565}},"13":{"start":{"line":1,"column":513},"end":{"line":1,"column":565}},"14":{"start":{"line":1,"column":565},"end":{"line":1,"column":625}},"15":{"start":{"line":1,"column":582},"end":{"line":1,"column":625}},"16":{"start":{"line":1,"column":625},"end":{"line":1,"column":644}},"17":{"start":{"line":1,"column":650},"end":{"line":1,"column":706}},"18":{"start":{"line":1,"column":733},"end":{"line":1,"column":778}},"19":{"start":{"line":2,"column":0},"end":{"line":2,"column":58}},"20":{"start":{"line":2,"column":85},"end":{"line":2,"column":126}},"21":{"start":{"line":2,"column":126},"end":{"line":2,"column":219}},"22":{"start":{"line":2,"column":164},"end":{"line":2,"column":218}},"23":{"start":{"line":2,"column":219},"end":{"line":2,"column":368}},"24":{"start":{"line":2,"column":268},"end":{"line":2,"column":367}},"25":{"start":{"line":2,"column":309},"end":{"line":2,"column":366}},"26":{"start":{"line":2,"column":368},"end":{"line":2,"column":603}},"27":{"start":{"line":2,"column":417},"end":{"line":2,"column":516}},"28":{"start":{"line":2,"column":429},"end":{"line":2,"column":515}},"29":{"start":{"line":2,"column":516},"end":{"line":2,"column":602}},"30":{"start":{"line":2,"column":603},"end":{"line":2,"column":1091}},"31":{"start":{"line":2,"column":645},"end":{"line":2,"column":808}},"32":{"start":{"line":2,"column":707},"end":{"line":2,"column":807}},"33":{"start":{"line":2,"column":808},"end":{"line":2,"column":972}},"34":{"start":{"line":2,"column":972},"end":{"line":2,"column":1090}},"35":{"start":{"line":2,"column":988},"end":{"line":2,"column":1090}},"36":{"start":{"line":2,"column":1091},"end":{"line":22,"column":120}},"37":{"start":{"line":4,"column":35},"end":{"line":4,"column":68}},"38":{"start":{"line":6,"column":4},"end":{"line":9,"column":171}},"39":{"start":{"line":6,"column":77},"end":{"line":6,"column":104}},"40":{"start":{"line":6,"column":104},"end":{"line":7,"column":16}},"41":{"start":{"line":8,"column":8},"end":{"line":8,"column":42}},"42":{"start":{"line":9,"column":34},"end":{"line":9,"column":130}},"43":{"start":{"line":9,"column":157},"end":{"line":9,"column":170},"skip":true},"44":{"start":{"line":9,"column":171},"end":{"line":22,"column":53}},"45":{"start":{"line":13,"column":12},"end":{"line":16,"column":71}},"46":{"start":{"line":22,"column":12},"end":{"line":22,"column":47}},"47":{"start":{"line":22,"column":53},"end":{"line":22,"column":64}},"48":{"start":{"line":22,"column":147},"end":{"line":26,"column":4}}},"branchMap":{"1":{"line":1,"type":"binary-expr","locations":[{"start":{"line":1,"column":265},"end":{"line":1,"column":286}},{"start":{"line":1,"column":290},"end":{"line":1,"column":295}}]},"2":{"line":1,"type":"if","locations":[{"start":{"line":1,"column":327},"end":{"line":1,"column":327}},{"start":{"line":1,"column":327},"end":{"line":1,"column":327}}]},"3":{"line":1,"type":"if","locations":[{"start":{"line":1,"column":497},"end":{"line":1,"column":497}},{"start":{"line":1,"column":497},"end":{"line":1,"column":497}}]},"4":{"line":1,"type":"if","locations":[{"start":{"line":1,"column":565},"end":{"line":1,"column":565}},{"start":{"line":1,"column":565},"end":{"line":1,"column":565}}]},"5":{"line":2,"type":"cond-expr","locations":[{"start":{"line":2,"column":195},"end":{"line":2,"column":198}},{"start":{"line":2,"column":201},"end":{"line":2,"column":217}}]},"6":{"line":2,"type":"binary-expr","locations":[{"start":{"line":2,"column":171},"end":{"line":2,"column":174}},{"start":{"line":2,"column":178},"end":{"line":2,"column":192}}]},"7":{"line":2,"type":"if","locations":[{"start":{"line":2,"column":268},"end":{"line":2,"column":268}},{"start":{"line":2,"column":268},"end":{"line":2,"column":268}}]},"8":{"line":2,"type":"if","locations":[{"start":{"line":2,"column":417},"end":{"line":2,"column":417}},{"start":{"line":2,"column":417},"end":{"line":2,"column":417}}]},"9":{"line":2,"type":"cond-expr","locations":[{"start":{"line":2,"column":590},"end":{"line":2,"column":594}},{"start":{"line":2,"column":597},"end":{"line":2,"column":601}}]},"10":{"line":2,"type":"binary-expr","locations":[{"start":{"line":2,"column":523},"end":{"line":2,"column":527}},{"start":{"line":2,"column":532},"end":{"line":2,"column":556}},{"start":{"line":2,"column":560},"end":{"line":2,"column":586}}]},"11":{"line":2,"type":"if","locations":[{"start":{"line":2,"column":645},"end":{"line":2,"column":645}},{"start":{"line":2,"column":645},"end":{"line":2,"column":645}}]},"12":{"line":2,"type":"binary-expr","locations":[{"start":{"line":2,"column":649},"end":{"line":2,"column":681}},{"start":{"line":2,"column":685},"end":{"line":2,"column":704}}]},"13":{"line":2,"type":"binary-expr","locations":[{"start":{"line":2,"column":843},"end":{"line":2,"column":853}},{"start":{"line":2,"column":857},"end":{"line":2,"column":877}}]},"14":{"line":2,"type":"if","locations":[{"start":{"line":2,"column":972},"end":{"line":2,"column":972}},{"start":{"line":2,"column":972},"end":{"line":2,"column":972}}]},"15":{"line":2,"type":"cond-expr","locations":[{"start":{"line":2,"column":1012},"end":{"line":2,"column":1055}},{"start":{"line":2,"column":1058},"end":{"line":2,"column":1089}}]}},"l":{"1":2,"2":2,"4":1,"6":1,"8":0,"9":1,"13":0,"22":1}}}
