TN:
SF:C:\Nuwan\myWorksSpaces\Techs\CI\CI-Travis\__tests__\src\js\sum-test.js
FN:7,(anonymous_1)
FN:8,(anonymous_2)
FNF:2
FNH:2
FNDA:1,(anonymous_1)
FNDA:1,(anonymous_2)
DA:5,1
DA:7,1
DA:8,1
DA:9,1
DA:10,1
LF:5
LH:5
BRF:0
BRH:0
end_of_record
TN:
SF:C:\Nuwan\myWorksSpaces\Techs\CI\CI-Travis\src\js\sum.js
FN:5,sum
FNF:1
FNH:1
FNDA:1,sum
DA:5,2
DA:6,1
DA:9,2
LF:3
LH:3
BRF:0
BRH:0
end_of_record
TN:
SF:C:\Nuwan\myWorksSpaces\Techs\CI\CI-Travis\__tests__\src\components\App-test.js
FN:8,(anonymous_1)
FN:9,(anonymous_2)
FNF:2
FNH:2
FNDA:1,(anonymous_1)
FNDA:1,(anonymous_2)
DA:5,1
DA:8,1
DA:9,1
DA:10,1
DA:11,1
DA:13,1
LF:6
LH:6
BRF:0
BRH:0
end_of_record
TN:
SF:C:\Nuwan\myWorksSpaces\Techs\CI\CI-Travis\src\components\App.js
FN:1,(anonymous_1)
FN:1,defineProperties
FN:1,(anonymous_3)
FN:2,_interopRequireDefault
FN:2,_classCallCheck
FN:2,_possibleConstructorReturn
FN:2,_inherits
FN:4,(anonymous_8)
FN:6,App
FN:9,render
FN:16,_onClick
FNF:11
FNH:6
FNDA:1,(anonymous_1)
FNDA:1,defineProperties
FNDA:1,(anonymous_3)
FNDA:2,_interopRequireDefault
FNDA:0,_classCallCheck
FNDA:0,_possibleConstructorReturn
FNDA:1,_inherits
FNDA:1,(anonymous_8)
FNDA:0,App
FNDA:0,render
FNDA:0,_onClick
DA:1,2
DA:2,2
DA:4,1
DA:6,1
DA:8,0
DA:9,1
DA:13,0
DA:22,1
LF:8
LH:6
BRDA:1,1,0,2
BRDA:1,1,1,2
BRDA:1,2,0,2
BRDA:1,2,1,0
BRDA:1,3,0,1
BRDA:1,3,1,0
BRDA:1,4,0,0
BRDA:1,4,1,1
BRDA:2,5,0,0
BRDA:2,5,1,2
BRDA:2,6,0,2
BRDA:2,6,1,2
BRDA:2,7,0,0
BRDA:2,7,1,0
BRDA:2,8,0,0
BRDA:2,8,1,0
BRDA:2,9,0,0
BRDA:2,9,1,0
BRDA:2,10,0,0
BRDA:2,10,1,0
BRDA:2,10,2,0
BRDA:2,11,0,0
BRDA:2,11,1,1
BRDA:2,12,0,1
BRDA:2,12,1,0
BRDA:2,13,0,1
BRDA:2,13,1,1
BRDA:2,14,0,1
BRDA:2,14,1,0
BRDA:2,15,0,1
BRDA:2,15,1,0
BRF:31
BRH:14
end_of_record
